[15Feb2025 21:30:32.936] [main/INFO] [cpw.mods.modlauncher.Launcher/MODLAUNCHER]: ModLauncher running: args [--launchTarget, forgeclientuserdev, --version, 21.0.37-beta, --assetIndex, 17, --assetsDir, /home/faioa/.gradle/caches/neoformruntime/assets, --gameDir, ., --fml.neoForgeVersion, 21.0.37-beta, --fml.fmlVersion, 4.0.6, --fml.mcVersion, 1.21, --fml.neoFormVersion, 20240613.152323]
[15Feb2025 21:30:32.938] [main/INFO] [cpw.mods.modlauncher.Launcher/MODLAUNCHER]: JVM identified as Oracle Corporation OpenJDK 64-Bit Server VM 21.0.2+13-58
[15Feb2025 21:30:32.940] [main/INFO] [cpw.mods.modlauncher.Launcher/MODLAUNCHER]: ModLauncher 11.0.3+main.0f24dec3 starting: java version 21.0.2 by Oracle Corporation; OS Linux arch amd64 version 6.12.13-200.fc41.x86_64
[15Feb2025 21:30:33.014] [main/WARN] [net.neoforged.fml.loading.FMLConfig/CORE]: Configuration file /home/faioa/Documents/Personal/Architects_Guide_Mod/neoforge/run/config/fml.toml is not correct. Correcting
[15Feb2025 21:30:33.015] [main/INFO] [net.neoforged.fml.loading.FMLConfig/CORE]: Incorrect key [disableConfigWatcher] was corrected from null to false
[15Feb2025 21:30:33.015] [main/INFO] [net.neoforged.fml.loading.FMLConfig/CORE]: Incorrect key [earlyWindowSkipGLVersions] was corrected from null to []
[15Feb2025 21:30:33.015] [main/INFO] [net.neoforged.fml.loading.FMLConfig/CORE]: Incorrect key [earlyWindowSquir] was corrected from null to false
[15Feb2025 21:30:33.032] [main/INFO] [net.neoforged.fml.loading.ImmediateWindowHandler/]: Loading ImmediateWindowProvider fmlearlywindow
[15Feb2025 21:30:33.119] [main/INFO] [EARLYDISPLAY/]: Trying GL version 4.6
[15Feb2025 21:30:33.200] [main/INFO] [EARLYDISPLAY/]: Requested GL version 4.6 got version 4.6
[15Feb2025 21:30:33.412] [main/INFO] [mixin/]: SpongePowered MIXIN Subsystem Version=0.8.5 Source=union:/home/faioa/.gradle/caches/modules-2/files-2.1/net.fabricmc/sponge-mixin/0.13.4+mixin.0.8.5/8adf0cff1795a169141b9e16ad7b9f6e2527a990/sponge-mixin-0.13.4+mixin.0.8.5.jar%23119!/ Service=ModLauncher Env=CLIENT
[15Feb2025 21:30:33.448] [pool-2-thread-1/INFO] [EARLYDISPLAY/]: GL info: AMD Radeon 780M (radeonsi, gfx1103_r1, LLVM 19.1.7, DRM 3.59, 6.12.13-200.fc41.x86_64) GL version 4.6 (Core Profile) Mesa 24.3.4, AMD
[15Feb2025 21:30:33.577] [main/INFO] [net.neoforged.fml.loading.moddiscovery.locators.JarInJarDependencyLocator/]: Found 1 dependencies adding them to mods collection
[15Feb2025 21:30:33.672] [main/INFO] [net.neoforged.fml.loading.FMLServiceProvider/CORE]: Loading coremod script-engine for [neoforge]
[15Feb2025 21:30:34.200] [main/INFO] [mixin/]: Compatibility level set to JAVA_18
[15Feb2025 21:30:34.202] [main/INFO] [mixin/]: Compatibility level set to JAVA_21
[15Feb2025 21:30:34.203] [main/INFO] [cpw.mods.modlauncher.LaunchServiceHandler/MODLAUNCHER]: Launching target 'forgeclientuserdev' with arguments [--version, 21.0.37-beta, --gameDir, ., --assetsDir, /home/faioa/.gradle/caches/neoformruntime/assets, --assetIndex, 17]
[15Feb2025 21:30:34.221] [main/WARN] [mixin/]: Reference map 'architects_guide_mod.refmap.json' for architects_guide_mod.mixins.json could not be read. If this is a development environment you can ignore this message
[15Feb2025 21:30:34.305] [main/INFO] [MixinExtras|Service/]: Initializing MixinExtras via com.llamalad7.mixinextras.service.MixinExtrasServiceImpl(version=0.3.5).
[15Feb2025 21:30:35.035] [Datafixer Bootstrap/INFO] [com.mojang.datafixers.DataFixerBuilder/]: 229 Datafixer optimizations took 148 milliseconds
[15Feb2025 21:30:38.102] [main/WARN] [net.minecraft.commands.Commands/]: Ambiguity between arguments [teleport, location] and [teleport, destination] with inputs: [0.1 -0.5 .9, 0 0 0]
[15Feb2025 21:30:38.104] [main/WARN] [net.minecraft.commands.Commands/]: Ambiguity between arguments [teleport, location] and [teleport, targets] with inputs: [0.1 -0.5 .9, 0 0 0]
[15Feb2025 21:30:38.106] [main/WARN] [net.minecraft.commands.Commands/]: Ambiguity between arguments [teleport, destination] and [teleport, targets] with inputs: [Player, 0123, @e, dd12be42-52a9-4a91-a8a1-11c01849e498]
[15Feb2025 21:30:38.107] [main/WARN] [net.minecraft.commands.Commands/]: Ambiguity between arguments [teleport, targets] and [teleport, destination] with inputs: [Player, 0123, dd12be42-52a9-4a91-a8a1-11c01849e498]
[15Feb2025 21:30:38.107] [main/WARN] [net.minecraft.commands.Commands/]: Ambiguity between arguments [teleport, targets, location] and [teleport, targets, destination] with inputs: [0.1 -0.5 .9, 0 0 0]
[15Feb2025 21:30:38.192] [Render thread/WARN] [net.minecraft.server.packs.VanillaPackResourcesBuilder/]: Assets URL 'union:/home/faioa/Documents/Personal/Architects_Guide_Mod/neoforge/build/moddev/artifacts/neoforge-21.0.37-beta-minecraft-merged.jar%23172!/assets/.mcassetsroot' uses unexpected schema
[15Feb2025 21:30:38.192] [Render thread/WARN] [net.minecraft.server.packs.VanillaPackResourcesBuilder/]: Assets URL 'union:/home/faioa/Documents/Personal/Architects_Guide_Mod/neoforge/build/moddev/artifacts/neoforge-21.0.37-beta-minecraft-merged.jar%23172!/data/.mcassetsroot' uses unexpected schema
[15Feb2025 21:30:38.206] [Render thread/INFO] [com.mojang.authlib.yggdrasil.YggdrasilAuthenticationService/]: Environment: Environment[sessionHost=https://sessionserver.mojang.com, servicesHost=https://api.minecraftservices.com, name=PROD]
[15Feb2025 21:30:38.212] [Render thread/INFO] [net.minecraft.client.Minecraft/]: Setting user: Dev
[15Feb2025 21:30:38.255] [Render thread/INFO] [net.minecraft.client.Minecraft/]: Backend library: LWJGL version 3.3.3+5
[15Feb2025 21:30:38.361] [modloading-worker-0/INFO] [Architects_Guide_Mod/]: Hello NeoForge world!
[15Feb2025 21:30:38.362] [modloading-worker-0/INFO] [Architects_Guide_Mod/]: Hello from Common init on NeoForge! we are currently in a development environment!
[15Feb2025 21:30:38.363] [modloading-worker-0/INFO] [Architects_Guide_Mod/]: The ID for diamonds is minecraft:diamond
[15Feb2025 21:30:38.363] [modloading-worker-0/INFO] [Architects_Guide_Mod/]: Hello to architects_guide_mod
[15Feb2025 21:30:38.369] [modloading-worker-0/INFO] [net.neoforged.neoforge.common.NeoForgeMod/NEOFORGE-MOD]: NeoForge mod loading, version 21.0.37-beta, for MC 1.21
[15Feb2025 21:30:38.785] [Render thread/INFO] [net.neoforged.neoforge.gametest.GameTestHooks/]: Enabled Gametest Namespaces: [architects_guide_mod]
[15Feb2025 21:30:38.888] [Render thread/INFO] [net.minecraft.server.packs.resources.ReloadableResourceManager/]: Reloading ResourceManager: vanilla, mod_resources, mod/architects_guide_mod, mod/neoforge
[15Feb2025 21:30:38.934] [Render thread/INFO] [Architects_Guide_Mod/]: This line is printed by the Architects_Guide_Mod common mixin!
[15Feb2025 21:30:38.934] [Render thread/INFO] [Architects_Guide_Mod/]: MC Version: release
[15Feb2025 21:30:38.940] [Worker-Main-13/INFO] [net.minecraft.client.gui.font.providers.UnihexProvider/]: Found unifont_all_no_pua-15.1.05.hex, loading
[15Feb2025 21:30:38.944] [Render thread/WARN] [net.neoforged.neoforge.common.ModConfigSpec/CORE]: Configuration file /home/faioa/Documents/Personal/Architects_Guide_Mod/neoforge/run/config/neoforge-client.toml is not correct. Correcting
[15Feb2025 21:30:38.946] [Render thread/WARN] [net.neoforged.neoforge.common.ModConfigSpec/CORE]: Incorrect key client was corrected from null to its default, SimpleCommentedConfig:{}. 
[15Feb2025 21:30:38.946] [Render thread/WARN] [net.neoforged.neoforge.common.ModConfigSpec/CORE]: Incorrect key client.experimentalForgeLightPipelineEnabled was corrected from null to its default, false. 
[15Feb2025 21:30:38.946] [Render thread/WARN] [net.neoforged.neoforge.common.ModConfigSpec/CORE]: Incorrect key client.showLoadWarnings was corrected from null to its default, true. 
[15Feb2025 21:30:38.947] [Render thread/WARN] [net.neoforged.neoforge.common.ModConfigSpec/CORE]: Incorrect key client.useCombinedDepthStencilAttachment was corrected from null to its default, false. 
[15Feb2025 21:30:38.953] [Render thread/WARN] [net.neoforged.neoforge.common.ModConfigSpec/CORE]: Configuration file /home/faioa/Documents/Personal/Architects_Guide_Mod/neoforge/run/config/neoforge-common.toml is not correct. Correcting
[15Feb2025 21:30:38.953] [Render thread/WARN] [net.neoforged.neoforge.common.ModConfigSpec/CORE]: Incorrect key general was corrected from null to its default, SimpleCommentedConfig:{}. 
[15Feb2025 21:30:38.954] [Render thread/WARN] [net.neoforged.neoforge.common.ModConfigSpec/CORE]: Incorrect key general.logUntranslatedItemTagWarnings was corrected from null to its default, SILENCED. 
[15Feb2025 21:30:38.954] [Render thread/WARN] [net.neoforged.neoforge.common.ModConfigSpec/CORE]: Incorrect key general.logLegacyTagWarnings was corrected from null to its default, DEV_SHORT. 
[15Feb2025 21:30:38.964] [Worker-Main-11/INFO] [net.minecraft.client.gui.font.providers.UnihexProvider/]: Found unifont_jp_patch-15.1.05.hex, loading
[15Feb2025 21:30:39.808] [Render thread/WARN] [net.minecraft.client.sounds.SoundEngine/]: Missing sound for event: minecraft:item.goat_horn.play
[15Feb2025 21:30:39.808] [Render thread/WARN] [net.minecraft.client.sounds.SoundEngine/]: Missing sound for event: minecraft:entity.goat.screaming.horn_break
[15Feb2025 21:30:39.836] [Render thread/INFO] [com.mojang.blaze3d.audio.Library/]: OpenAL initialized on device Family 17h/19h/1ah HD Audio Controller Analog Stereo
[15Feb2025 21:30:39.837] [Render thread/INFO] [net.minecraft.client.sounds.SoundEngine/SOUNDS]: Sound engine started
[15Feb2025 21:30:39.905] [Render thread/INFO] [net.minecraft.client.renderer.texture.TextureAtlas/]: Created: 1024x512x4 minecraft:textures/atlas/blocks.png-atlas
[15Feb2025 21:30:39.928] [Render thread/INFO] [net.minecraft.client.renderer.texture.TextureAtlas/]: Created: 256x256x4 minecraft:textures/atlas/signs.png-atlas
[15Feb2025 21:30:39.929] [Render thread/INFO] [net.minecraft.client.renderer.texture.TextureAtlas/]: Created: 512x512x4 minecraft:textures/atlas/banner_patterns.png-atlas
[15Feb2025 21:30:39.931] [Render thread/INFO] [net.minecraft.client.renderer.texture.TextureAtlas/]: Created: 512x512x4 minecraft:textures/atlas/shield_patterns.png-atlas
[15Feb2025 21:30:39.932] [Render thread/INFO] [net.minecraft.client.renderer.texture.TextureAtlas/]: Created: 1024x1024x4 minecraft:textures/atlas/armor_trims.png-atlas
[15Feb2025 21:30:39.938] [Render thread/INFO] [net.minecraft.client.renderer.texture.TextureAtlas/]: Created: 256x256x4 minecraft:textures/atlas/chest.png-atlas
[15Feb2025 21:30:39.939] [Render thread/INFO] [net.minecraft.client.renderer.texture.TextureAtlas/]: Created: 128x64x4 minecraft:textures/atlas/decorated_pot.png-atlas
[15Feb2025 21:30:39.940] [Render thread/INFO] [net.minecraft.client.renderer.texture.TextureAtlas/]: Created: 512x256x4 minecraft:textures/atlas/shulker_boxes.png-atlas
[15Feb2025 21:30:39.944] [Render thread/INFO] [net.minecraft.client.renderer.texture.TextureAtlas/]: Created: 512x256x4 minecraft:textures/atlas/beds.png-atlas
[15Feb2025 21:30:40.056] [Render thread/INFO] [net.minecraft.client.renderer.texture.TextureAtlas/]: Created: 512x256x0 minecraft:textures/atlas/particles.png-atlas
[15Feb2025 21:30:40.062] [Render thread/INFO] [net.minecraft.client.renderer.texture.TextureAtlas/]: Created: 512x256x0 minecraft:textures/atlas/paintings.png-atlas
[15Feb2025 21:30:40.064] [Render thread/INFO] [net.minecraft.client.renderer.texture.TextureAtlas/]: Created: 256x128x0 minecraft:textures/atlas/mob_effects.png-atlas
[15Feb2025 21:30:40.065] [Render thread/INFO] [net.minecraft.client.renderer.texture.TextureAtlas/]: Created: 64x64x0 minecraft:textures/atlas/map_decorations.png-atlas
[15Feb2025 21:30:40.067] [Render thread/INFO] [net.minecraft.client.renderer.texture.TextureAtlas/]: Created: 1024x512x0 minecraft:textures/atlas/gui.png-atlas
[15Feb2025 21:30:40.090] [Render thread/WARN] [net.minecraft.client.renderer.ShaderInstance/]: Shader rendertype_entity_translucent_emissive could not find sampler named Sampler2 in the specified shader program.
[15Feb2025 21:30:45.251] [Render thread/INFO] [Architects_Guide_Mod/]: This line is printed by the Architects_Guide_Mod mixin from NeoForge!
[15Feb2025 21:30:45.252] [Render thread/INFO] [Architects_Guide_Mod/]: MC Version: release
[15Feb2025 21:30:48.131] [Render thread/INFO] [net.minecraft.world.item.crafting.RecipeManager/]: Loaded 1290 recipes
[15Feb2025 21:30:48.220] [Render thread/INFO] [net.minecraft.advancements.AdvancementTree/]: Loaded 1399 advancements
[15Feb2025 21:30:56.057] [Server thread/INFO] [net.minecraft.client.server.IntegratedServer/]: Starting integrated minecraft server version 1.21
[15Feb2025 21:30:56.058] [Server thread/INFO] [net.minecraft.server.MinecraftServer/]: Generating keypair
[15Feb2025 21:30:56.219] [Server thread/WARN] [net.neoforged.neoforge.common.ModConfigSpec/CORE]: Configuration file /home/faioa/Documents/Personal/Architects_Guide_Mod/neoforge/run/config/neoforge-server.toml is not correct. Correcting
[15Feb2025 21:30:56.220] [Server thread/WARN] [net.neoforged.neoforge.common.ModConfigSpec/CORE]: Incorrect key server was corrected from null to its default, SimpleCommentedConfig:{}. 
[15Feb2025 21:30:56.221] [Server thread/WARN] [net.neoforged.neoforge.common.ModConfigSpec/CORE]: Incorrect key server.removeErroringBlockEntities was corrected from null to its default, false. 
[15Feb2025 21:30:56.221] [Server thread/WARN] [net.neoforged.neoforge.common.ModConfigSpec/CORE]: Incorrect key server.removeErroringEntities was corrected from null to its default, false. 
[15Feb2025 21:30:56.221] [Server thread/WARN] [net.neoforged.neoforge.common.ModConfigSpec/CORE]: Incorrect key server.fullBoundingBoxLadders was corrected from null to its default, false. 
[15Feb2025 21:30:56.221] [Server thread/WARN] [net.neoforged.neoforge.common.ModConfigSpec/CORE]: Incorrect key server.permissionHandler was corrected from null to its default, neoforge:default_handler. 
[15Feb2025 21:30:56.221] [Server thread/WARN] [net.neoforged.neoforge.common.ModConfigSpec/CORE]: Incorrect key server.advertiseDedicatedServerToLan was corrected from null to its default, true. 
[15Feb2025 21:30:59.012] [Server thread/INFO] [net.minecraft.server.MinecraftServer/]: Preparing start region for dimension minecraft:overworld
[15Feb2025 21:30:59.043] [progressListener/INFO] [net.minecraft.server.level.progress.LoggerChunkProgressListener/]: Preparing spawn area: 2%
[15Feb2025 21:30:59.528] [progressListener/INFO] [net.minecraft.server.level.progress.LoggerChunkProgressListener/]: Preparing spawn area: 2%
[15Feb2025 21:31:00.028] [progressListener/INFO] [net.minecraft.server.level.progress.LoggerChunkProgressListener/]: Preparing spawn area: 18%
[15Feb2025 21:31:00.534] [progressListener/INFO] [net.minecraft.server.level.progress.LoggerChunkProgressListener/]: Preparing spawn area: 51%
[15Feb2025 21:31:00.800] [Server thread/INFO] [net.neoforged.neoforge.server.permission.PermissionAPI/]: Successfully initialized permission handler neoforge:default_handler
[15Feb2025 21:31:00.813] [progressListener/INFO] [net.minecraft.server.level.progress.LoggerChunkProgressListener/]: Time elapsed: 1787 ms
[15Feb2025 21:31:00.835] [Server thread/INFO] [net.minecraft.client.server.IntegratedServer/]: Changing view distance to 12, from 10
[15Feb2025 21:31:00.835] [Server thread/INFO] [net.minecraft.client.server.IntegratedServer/]: Changing simulation distance to 12, from 0
[15Feb2025 21:31:01.245] [Server thread/INFO] [net.minecraft.server.players.PlayerList/]: Dev[local:E:8b51760b] logged in with entity id 25 at (-3.5, 71.0, 9.5)
[15Feb2025 21:31:01.287] [Server thread/INFO] [net.minecraft.server.MinecraftServer/]: Dev joined the game
[15Feb2025 21:31:01.654] [Render thread/INFO] [net.minecraft.advancements.AdvancementTree/]: Loaded 2 advancements
[15Feb2025 21:31:17.101] [Server thread/INFO] [net.minecraft.client.server.IntegratedServer/]: Saving and pausing game...
[15Feb2025 21:31:17.114] [Server thread/INFO] [net.minecraft.server.MinecraftServer/]: Saving chunks for level 'ServerLevel[Test World]'/minecraft:overworld
[15Feb2025 21:31:17.134] [Server thread/INFO] [net.minecraft.server.MinecraftServer/]: Saving chunks for level 'ServerLevel[Test World]'/minecraft:the_nether
[15Feb2025 21:31:17.137] [Server thread/INFO] [net.minecraft.server.MinecraftServer/]: Saving chunks for level 'ServerLevel[Test World]'/minecraft:the_end
[15Feb2025 21:31:21.117] [Render thread/INFO] [net.minecraft.advancements.AdvancementTree/]: Loaded 9 advancements
[15Feb2025 21:31:29.801] [Server thread/INFO] [net.minecraft.client.server.IntegratedServer/]: Saving and pausing game...
[15Feb2025 21:31:29.811] [Server thread/INFO] [net.minecraft.server.MinecraftServer/]: Saving chunks for level 'ServerLevel[Test World]'/minecraft:overworld
[15Feb2025 21:31:29.825] [Server thread/INFO] [net.minecraft.server.MinecraftServer/]: Saving chunks for level 'ServerLevel[Test World]'/minecraft:the_nether
[15Feb2025 21:31:29.828] [Server thread/INFO] [net.minecraft.server.MinecraftServer/]: Saving chunks for level 'ServerLevel[Test World]'/minecraft:the_end
[15Feb2025 21:31:30.380] [Server thread/INFO] [net.minecraft.server.network.ServerGamePacketListenerImpl/]: Dev lost connection: Disconnected
[15Feb2025 21:31:30.380] [Server thread/INFO] [net.minecraft.server.MinecraftServer/]: Dev left the game
[15Feb2025 21:31:30.394] [Server thread/INFO] [net.minecraft.server.network.ServerCommonPacketListenerImpl/]: Stopping singleplayer server as player logged out
[15Feb2025 21:31:30.412] [Server thread/INFO] [net.minecraft.server.MinecraftServer/]: Stopping server
[15Feb2025 21:31:30.412] [Server thread/INFO] [net.minecraft.server.MinecraftServer/]: Saving players
[15Feb2025 21:31:30.413] [Server thread/INFO] [net.minecraft.server.MinecraftServer/]: Saving worlds
[15Feb2025 21:31:31.176] [Server thread/INFO] [net.minecraft.server.MinecraftServer/]: Saving chunks for level 'ServerLevel[Test World]'/minecraft:overworld
[15Feb2025 21:31:31.212] [Server thread/INFO] [net.minecraft.server.MinecraftServer/]: Saving chunks for level 'ServerLevel[Test World]'/minecraft:the_nether
[15Feb2025 21:31:31.214] [Server thread/INFO] [net.minecraft.server.MinecraftServer/]: Saving chunks for level 'ServerLevel[Test World]'/minecraft:the_end
[15Feb2025 21:31:31.218] [Server thread/INFO] [net.minecraft.server.MinecraftServer/]: ThreadedAnvilChunkStorage (Test World): All chunks are saved
[15Feb2025 21:31:31.218] [Server thread/INFO] [net.minecraft.server.MinecraftServer/]: ThreadedAnvilChunkStorage (DIM-1): All chunks are saved
[15Feb2025 21:31:31.218] [Server thread/INFO] [net.minecraft.server.MinecraftServer/]: ThreadedAnvilChunkStorage (DIM1): All chunks are saved
[15Feb2025 21:31:31.218] [Server thread/INFO] [net.minecraft.server.MinecraftServer/]: ThreadedAnvilChunkStorage: All dimensions are saved
[15Feb2025 21:31:31.316] [Render thread/INFO] [Architects_Guide_Mod/]: This line is printed by the Architects_Guide_Mod mixin from NeoForge!
[15Feb2025 21:31:31.316] [Render thread/INFO] [Architects_Guide_Mod/]: MC Version: release
[15Feb2025 21:31:46.410] [Render thread/INFO] [Architects_Guide_Mod/]: This line is printed by the Architects_Guide_Mod mixin from NeoForge!
[15Feb2025 21:31:46.410] [Render thread/INFO] [Architects_Guide_Mod/]: MC Version: release
[15Feb2025 21:31:47.073] [Render thread/INFO] [net.minecraft.client.Minecraft/]: Stopping!
